TN:
SF:db.js
FN:3,(anonymous_0)
FNF:1
FNH:1
FNDA:2,(anonymous_0)
DA:1,1
DA:3,1
DA:4,2
DA:6,2
DA:7,2
DA:9,1
DA:10,1
DA:12,2
DA:15,1
LF:9
LH:9
BRF:0
BRH:0
end_of_record
TN:
SF:generateToken.js
FN:3,(anonymous_0)
FNF:1
FNH:1
FNDA:2,(anonymous_0)
DA:1,1
DA:3,1
DA:4,2
DA:5,1
DA:7,1
DA:12,1
LF:6
LH:6
BRDA:4,0,0,1
BRDA:4,0,1,1
BRF:2
BRH:2
end_of_record
TN:
SF:controllers/chatcontrollers.js
FN:5,(anonymous_0)
FN:57,(anonymous_1)
FN:85,(anonymous_2)
FN:120,(anonymous_3)
FN:146,(anonymous_4)
FN:175,(anonymous_5)
FNF:6
FNH:6
FNDA:1,(anonymous_0)
FNDA:2,(anonymous_1)
FNDA:4,(anonymous_2)
FNDA:2,(anonymous_3)
FNDA:2,(anonymous_4)
FNDA:2,(anonymous_5)
DA:1,1
DA:2,1
DA:3,1
DA:5,1
DA:6,1
DA:9,1
DA:11,1
DA:14,0
DA:26,0
DA:33,0
DA:34,0
DA:36,0
DA:42,0
DA:43,0
DA:45,0
DA:50,0
DA:52,0
DA:57,1
DA:58,2
DA:59,2
DA:67,2
DA:68,1
DA:70,1
DA:74,1
DA:75,1
DA:76,1
DA:77,1
DA:78,1
DA:79,1
DA:81,1
DA:85,1
DA:86,4
DA:87,1
DA:89,3
DA:91,3
DA:92,1
DA:97,2
DA:99,2
DA:100,2
DA:106,2
DA:110,2
DA:111,1
DA:113,1
DA:115,1
DA:116,1
DA:120,1
DA:121,2
DA:126,2
DA:138,2
DA:139,1
DA:142,1
DA:146,1
DA:148,2
DA:150,2
DA:161,2
DA:167,2
DA:168,1
DA:169,1
DA:171,1
DA:175,1
DA:176,2
DA:178,2
DA:188,2
DA:189,1
DA:190,1
DA:192,1
DA:196,1
LF:67
LH:57
BRDA:9,0,0,1
BRDA:9,0,1,0
BRDA:33,1,0,0
BRDA:33,1,1,0
BRDA:67,2,0,1
BRDA:67,2,1,1
BRDA:86,3,0,1
BRDA:86,3,1,3
BRDA:86,4,0,4
BRDA:86,4,1,3
BRDA:91,5,0,1
BRDA:91,5,1,2
BRDA:110,6,0,1
BRDA:110,6,1,1
BRDA:138,7,0,1
BRDA:138,7,1,1
BRDA:167,8,0,1
BRDA:167,8,1,1
BRDA:188,9,0,1
BRDA:188,9,1,1
BRF:20
BRH:17
end_of_record
TN:
SF:controllers/messagecontroller.js
FN:7,(anonymous_0)
FN:42,(anonymous_1)
FNF:2
FNH:2
FNDA:3,(anonymous_0)
FNDA:2,(anonymous_1)
DA:1,1
DA:2,1
DA:3,1
DA:4,1
DA:5,1
DA:7,1
DA:8,3
DA:9,3
DA:10,1
DA:11,1
DA:14,2
DA:20,2
DA:21,2
DA:23,2
DA:24,2
DA:25,2
DA:30,2
DA:33,2
DA:34,1
DA:36,1
DA:38,1
DA:42,1
DA:43,2
DA:44,2
DA:47,2
DA:48,1
DA:50,1
DA:52,1
DA:53,1
DA:57,1
LF:30
LH:30
BRDA:9,0,0,1
BRDA:9,0,1,2
BRDA:9,1,0,3
BRDA:9,1,1,2
BRDA:33,2,0,1
BRDA:33,2,1,1
BRDA:47,3,0,1
BRDA:47,3,1,1
BRF:8
BRH:8
end_of_record
TN:
SF:controllers/nodeMailerController.js
FN:4,sendMail
FN:22,(anonymous_1)
FNF:2
FNH:2
FNDA:2,sendMail
FNDA:2,(anonymous_1)
DA:1,1
DA:2,1
DA:5,2
DA:11,2
DA:13,2
DA:22,2
DA:23,2
DA:24,1
DA:26,1
DA:31,1
LF:10
LH:10
BRDA:23,0,0,1
BRDA:23,0,1,1
BRF:2
BRH:2
end_of_record
TN:
SF:controllers/userController.js
FN:4,(anonymous_0)
FN:29,(anonymous_1)
FNF:2
FNH:2
FNDA:2,(anonymous_0)
FNDA:1,(anonymous_1)
DA:1,1
DA:2,1
DA:4,1
DA:5,2
DA:6,2
DA:7,2
DA:8,1
DA:10,1
DA:23,1
DA:25,1
DA:29,1
DA:30,1
DA:31,1
DA:34,1
LF:14
LH:14
BRDA:7,0,0,1
BRDA:7,0,1,1
BRF:2
BRH:2
end_of_record
TN:
SF:middleware/authMiddleware.js
FN:5,(anonymous_0)
FNF:1
FNH:1
FNDA:4,(anonymous_0)
DA:1,1
DA:2,1
DA:3,1
DA:5,1
DA:6,4
DA:7,4
DA:8,1
DA:11,3
DA:12,3
DA:14,3
DA:15,1
DA:18,2
DA:19,1
DA:21,1
DA:22,1
DA:28,1
LF:16
LH:16
BRDA:7,0,0,1
BRDA:7,0,1,3
BRDA:14,1,0,1
BRDA:14,1,1,2
BRF:4
BRH:4
end_of_record
TN:
SF:models/chatModel.js
FNF:0
FNH:0
DA:1,1
DA:3,1
DA:28,1
DA:30,1
LF:4
LH:4
BRF:0
BRH:0
end_of_record
TN:
SF:models/messageModel.js
FNF:0
FNH:0
DA:1,1
DA:3,1
DA:25,1
DA:27,1
LF:4
LH:4
BRF:0
BRH:0
end_of_record
TN:
SF:models/userModel.js
FN:25,(anonymous_0)
FN:34,(anonymous_1)
FNF:2
FNH:1
FNDA:0,(anonymous_0)
FNDA:1,(anonymous_1)
DA:1,1
DA:2,1
DA:4,1
DA:25,1
DA:26,0
DA:27,0
DA:30,0
DA:31,0
DA:34,1
DA:35,1
DA:36,1
DA:37,1
DA:40,1
DA:42,1
LF:14
LH:10
BRDA:26,0,0,0
BRDA:26,0,1,0
BRF:2
BRH:0
end_of_record
